<?xml version="1.0" encoding="UTF-8"?>
<testng-results ignored="0" total="1" passed="1" failed="0" skipped="0">
  <reporter-output>
  </reporter-output>
  <suite started-at="2024-11-12T17:36:31 IST" name="Default suite" finished-at="2024-11-12T17:36:34 IST" duration-ms="2719">
    <groups>
    </groups>
    <test started-at="2024-11-12T17:36:31 IST" name="Default test" finished-at="2024-11-12T17:36:34 IST" duration-ms="2719">
      <class name="day3.LoggingDemo">
        <test-method signature="testlogs()[pri:0, instance:day3.LoggingDemo@459e9125]" started-at="2024-11-12T17:36:31 IST" name="testlogs" finished-at="2024-11-12T17:36:34 IST" duration-ms="2660" status="PASS">
          <reporter-output>
          </reporter-output>
        </test-method> <!-- testlogs -->
      </class> <!-- day3.LoggingDemo -->
    </test> <!-- Default test -->
  </suite> <!-- Default suite -->
</testng-results>
